0 verbose cli C:\Program Files\nodejs\node.exe C:\Program Files\nodejs\node_modules\npm\bin\npm-cli.js
1 info using npm@11.13.0
2 info using node@v24.16.0
3 silly config load:file:C:\Program Files\nodejs\node_modules\npm\npmrc
4 silly config load:file:C:\AI Projects\Voyage Wall Website\.npmrc
5 silly config load:file:C:\Users\Roycee\.npmrc
6 silly config load:file:C:\Users\Roycee\AppData\Roaming\npm\etc\npmrc
7 verbose title npm install google-auth-library
8 verbose argv "install" "google-auth-library" "--save" "--cache" ".\\.npm-cache" "--fetch-retries" "5" "--fetch-retry-maxtimeout" "120000"
9 verbose logfile logs-max:10 dir:C:\AI Projects\Voyage Wall Website\.npm-cache\_logs\2026-06-24T15_12_14_172Z-
10 verbose logfile C:\AI Projects\Voyage Wall Website\.npm-cache\_logs\2026-06-24T15_12_14_172Z-debug-0.log
11 silly logfile done cleaning log files
12 silly packumentCache heap:4496293888 maxSize:1124073472 maxEntrySize:562036736
13 verbose shrinkwrap failed to load node_modules/.package-lock.json out of date, updated: node_modules
14 silly idealTree buildDeps
15 silly fetch manifest google-auth-library@*
16 silly packumentCache full:https://registry.npmjs.org/google-auth-library cache-miss
17 http cache https://registry.npmjs.org/google-auth-library 37ms (cache hit)
18 silly packumentCache full:https://registry.npmjs.org/google-auth-library set size:727515 disposed:false
19 silly placeDep ROOT google-auth-library@10.7.0 OK for:  want: *
20 silly fetch manifest base64-js@^1.3.0
21 silly packumentCache full:https://registry.npmjs.org/base64-js cache-miss
22 silly fetch manifest ecdsa-sig-formatter@^1.0.11
23 silly packumentCache full:https://registry.npmjs.org/ecdsa-sig-formatter cache-miss
24 silly fetch manifest gaxios@^7.1.4
25 silly packumentCache full:https://registry.npmjs.org/gaxios cache-miss
26 silly fetch manifest gcp-metadata@8.1.2
27 silly packumentCache full:https://registry.npmjs.org/gcp-metadata cache-miss
28 silly fetch manifest google-logging-utils@1.1.3
29 silly packumentCache full:https://registry.npmjs.org/google-logging-utils cache-miss
30 silly fetch manifest jws@^4.0.0
31 silly packumentCache full:https://registry.npmjs.org/jws cache-miss
32 http cache https://registry.npmjs.org/ecdsa-sig-formatter 43ms (cache hit)
33 silly packumentCache full:https://registry.npmjs.org/ecdsa-sig-formatter set size:23546 disposed:false
34 http cache https://registry.npmjs.org/base64-js 49ms (cache hit)
35 silly packumentCache full:https://registry.npmjs.org/base64-js set size:41270 disposed:false
36 http cache https://registry.npmjs.org/gcp-metadata 49ms (cache hit)
37 silly packumentCache full:https://registry.npmjs.org/gcp-metadata set size:194327 disposed:false
38 http cache https://registry.npmjs.org/gaxios 57ms (cache hit)
39 silly packumentCache full:https://registry.npmjs.org/gaxios set size:348857 disposed:false
40 http cache https://registry.npmjs.org/jws 62ms (cache hit)
41 silly packumentCache full:https://registry.npmjs.org/jws set size:48919 disposed:false
42 http cache https://registry.npmjs.org/google-logging-utils 63ms (cache hit)
43 silly packumentCache full:https://registry.npmjs.org/google-logging-utils set size:23839 disposed:false
44 silly placeDep ROOT base64-js@1.5.1 OK for: google-auth-library@10.7.0 want: ^1.3.0
45 silly placeDep ROOT ecdsa-sig-formatter@1.0.11 OK for: google-auth-library@10.7.0 want: ^1.0.11
46 silly placeDep ROOT gaxios@7.1.5 OK for: google-auth-library@10.7.0 want: ^7.1.4
47 silly placeDep ROOT gcp-metadata@8.1.2 OK for: google-auth-library@10.7.0 want: 8.1.2
48 silly placeDep ROOT google-logging-utils@1.1.3 OK for: google-auth-library@10.7.0 want: 1.1.3
49 silly placeDep ROOT jws@4.0.1 OK for: google-auth-library@10.7.0 want: ^4.0.0
50 silly fetch manifest safe-buffer@^5.0.1
51 silly packumentCache full:https://registry.npmjs.org/safe-buffer cache-miss
52 silly fetch manifest extend@^3.0.2
53 silly packumentCache full:https://registry.npmjs.org/extend cache-miss
54 silly fetch manifest https-proxy-agent@^7.0.1
55 silly packumentCache full:https://registry.npmjs.org/https-proxy-agent cache-miss
56 silly fetch manifest node-fetch@^3.3.2
57 silly packumentCache full:https://registry.npmjs.org/node-fetch cache-miss
58 silly fetch manifest json-bigint@^1.0.0
59 silly packumentCache full:https://registry.npmjs.org/json-bigint cache-miss
60 silly fetch manifest google-logging-utils@^1.0.0
61 silly packumentCache full:https://registry.npmjs.org/google-logging-utils cache-hit
62 silly fetch manifest jwa@^2.0.1
63 silly packumentCache full:https://registry.npmjs.org/jwa cache-miss
64 silly fetch manifest safe-buffer@^5.0.1
65 silly packumentCache full:https://registry.npmjs.org/safe-buffer cache-miss
66 http cache https://registry.npmjs.org/safe-buffer 25ms (cache hit)
67 silly packumentCache full:https://registry.npmjs.org/safe-buffer set size:41183 disposed:false
68 http cache https://registry.npmjs.org/extend 27ms (cache hit)
69 silly packumentCache full:https://registry.npmjs.org/extend set size:25974 disposed:false
70 http cache https://registry.npmjs.org/https-proxy-agent 28ms (cache hit)
71 silly packumentCache full:https://registry.npmjs.org/https-proxy-agent set size:83792 disposed:false
72 http cache https://registry.npmjs.org/json-bigint 30ms (cache hit)
73 silly packumentCache full:https://registry.npmjs.org/json-bigint set size:36963 disposed:false
74 http cache https://registry.npmjs.org/jwa 32ms (cache hit)
75 silly packumentCache full:https://registry.npmjs.org/jwa set size:39956 disposed:false
76 http cache https://registry.npmjs.org/safe-buffer 33ms (cache hit)
77 silly packumentCache full:https://registry.npmjs.org/safe-buffer set size:41183 disposed:false
78 silly packumentCache full:https://registry.npmjs.org/safe-buffer dispose
79 http cache https://registry.npmjs.org/node-fetch 39ms (cache hit)
80 silly packumentCache full:https://registry.npmjs.org/node-fetch set size:896010 disposed:false
81 silly placeDep ROOT safe-buffer@5.2.1 OK for: ecdsa-sig-formatter@1.0.11 want: ^5.0.1
82 silly placeDep ROOT extend@3.0.2 OK for: gaxios@7.1.5 want: ^3.0.2
83 silly placeDep ROOT https-proxy-agent@7.0.6 OK for: gaxios@7.1.5 want: ^7.0.1
84 silly placeDep ROOT node-fetch@3.3.2 OK for: gaxios@7.1.5 want: ^3.3.2
85 silly fetch manifest debug@4
86 silly packumentCache full:https://registry.npmjs.org/debug cache-miss
87 silly fetch manifest agent-base@^7.1.2
88 silly packumentCache full:https://registry.npmjs.org/agent-base cache-miss
89 silly fetch manifest data-uri-to-buffer@^4.0.0
90 silly packumentCache full:https://registry.npmjs.org/data-uri-to-buffer cache-miss
91 silly fetch manifest fetch-blob@^3.1.4
92 silly packumentCache full:https://registry.npmjs.org/fetch-blob cache-miss
93 silly fetch manifest formdata-polyfill@^4.0.10
94 silly packumentCache full:https://registry.npmjs.org/formdata-polyfill cache-miss
95 http cache https://registry.npmjs.org/debug 20ms (cache hit)
96 silly packumentCache full:https://registry.npmjs.org/debug set size:195840 disposed:false
97 http cache https://registry.npmjs.org/data-uri-to-buffer 25ms (cache hit)
98 silly packumentCache full:https://registry.npmjs.org/data-uri-to-buffer set size:48018 disposed:false
99 http cache https://registry.npmjs.org/fetch-blob 25ms (cache hit)
100 silly packumentCache full:https://registry.npmjs.org/fetch-blob set size:73704 disposed:false
101 http cache https://registry.npmjs.org/agent-base 30ms (cache hit)
102 silly packumentCache full:https://registry.npmjs.org/agent-base set size:72085 disposed:false
103 http cache https://registry.npmjs.org/formdata-polyfill 31ms (cache hit)
104 silly packumentCache full:https://registry.npmjs.org/formdata-polyfill set size:94446 disposed:false
105 silly placeDep ROOT json-bigint@1.0.0 OK for: gcp-metadata@8.1.2 want: ^1.0.0
106 silly fetch manifest bignumber.js@^9.0.0
107 silly packumentCache full:https://registry.npmjs.org/bignumber.js cache-miss
108 http cache https://registry.npmjs.org/bignumber.js 8ms (cache hit)
109 silly packumentCache full:https://registry.npmjs.org/bignumber.js set size:146878 disposed:false
110 silly placeDep ROOT agent-base@7.1.4 OK for: https-proxy-agent@7.0.6 want: ^7.1.2
111 silly placeDep ROOT debug@4.4.3 OK for: https-proxy-agent@7.0.6 want: 4
112 silly fetch manifest ms@^2.1.3
113 silly packumentCache full:https://registry.npmjs.org/ms cache-miss
114 http cache https://registry.npmjs.org/ms 11ms (cache hit)
115 silly packumentCache full:https://registry.npmjs.org/ms set size:92208 disposed:false
116 silly placeDep ROOT ms@2.1.3 OK for: debug@4.4.3 want: ^2.1.3
117 silly placeDep ROOT bignumber.js@9.3.1 OK for: json-bigint@1.0.0 want: ^9.0.0
118 silly placeDep ROOT jwa@2.0.1 OK for: jws@4.0.1 want: ^2.0.1
119 silly fetch manifest buffer-equal-constant-time@^1.0.1
120 silly packumentCache full:https://registry.npmjs.org/buffer-equal-constant-time cache-miss
121 http cache https://registry.npmjs.org/buffer-equal-constant-time 6ms (cache hit)
122 silly packumentCache full:https://registry.npmjs.org/buffer-equal-constant-time set size:4390 disposed:false
123 silly placeDep ROOT buffer-equal-constant-time@1.0.1 OK for: jwa@2.0.1 want: ^1.0.1
124 silly placeDep ROOT data-uri-to-buffer@4.0.1 OK for: node-fetch@3.3.2 want: ^4.0.0
125 silly placeDep ROOT fetch-blob@3.2.0 OK for: node-fetch@3.3.2 want: ^3.1.4
126 silly placeDep ROOT formdata-polyfill@4.0.10 OK for: node-fetch@3.3.2 want: ^4.0.10
127 silly fetch manifest node-domexception@^1.0.0
128 silly packumentCache full:https://registry.npmjs.org/node-domexception cache-miss
129 silly fetch manifest web-streams-polyfill@^3.0.3
130 silly packumentCache full:https://registry.npmjs.org/web-streams-polyfill cache-miss
131 http cache https://registry.npmjs.org/web-streams-polyfill 8ms (cache hit)
132 silly packumentCache full:https://registry.npmjs.org/web-streams-polyfill set size:140806 disposed:false
133 http cache https://registry.npmjs.org/node-domexception 13ms (cache hit)
134 silly packumentCache full:https://registry.npmjs.org/node-domexception set size:11516 disposed:false
135 silly placeDep ROOT node-domexception@1.0.0 OK for: fetch-blob@3.2.0 want: ^1.0.0
136 silly placeDep ROOT web-streams-polyfill@3.3.3 OK for: fetch-blob@3.2.0 want: ^3.0.3
137 silly reify mark retired [ 'C:\\AI Projects\\Voyage Wall Website\\node_modules\\googleapis' ]
138 silly reify mark retired [
138 silly reify   'C:\\AI Projects\\Voyage Wall Website\\node_modules\\googleapis-common'
138 silly reify ]
139 silly reify moves {
139 silly reify   'C:\\AI Projects\\Voyage Wall Website\\node_modules\\googleapis': 'C:\\AI Projects\\Voyage Wall Website\\node_modules\\.googleapis-BO5NpyAs',
139 silly reify   'C:\\AI Projects\\Voyage Wall Website\\node_modules\\googleapis-common': 'C:\\AI Projects\\Voyage Wall Website\\node_modules\\.googleapis-common-wRbUyAnO'
139 silly reify }
140 silly audit bulk request {
140 silly audit   dotenv: [ '17.4.2' ],
140 silly audit   'google-auth-library': [ '10.7.0' ],
140 silly audit   'base64-js': [ '1.5.1' ],
140 silly audit   'ecdsa-sig-formatter': [ '1.0.11' ],
140 silly audit   gaxios: [ '7.1.5' ],
140 silly audit   'gcp-metadata': [ '8.1.2' ],
140 silly audit   'google-logging-utils': [ '1.1.3' ],
140 silly audit   jws: [ '4.0.1' ],
140 silly audit   'safe-buffer': [ '5.2.1' ],
140 silly audit   extend: [ '3.0.2' ],
140 silly audit   'https-proxy-agent': [ '7.0.6' ],
140 silly audit   'node-fetch': [ '3.3.2' ],
140 silly audit   'json-bigint': [ '1.0.0' ],
140 silly audit   'agent-base': [ '7.1.4' ],
140 silly audit   debug: [ '4.4.3' ],
140 silly audit   ms: [ '2.1.3' ],
140 silly audit   'bignumber.js': [ '9.3.1' ],
140 silly audit   jwa: [ '2.0.1' ],
140 silly audit   'buffer-equal-constant-time': [ '1.0.1' ],
140 silly audit   'data-uri-to-buffer': [ '4.0.1' ],
140 silly audit   'fetch-blob': [ '3.2.0' ],
140 silly audit   'formdata-polyfill': [ '4.0.10' ],
140 silly audit   'node-domexception': [ '1.0.0' ],
140 silly audit   'web-streams-polyfill': [ '3.3.3' ]
140 silly audit }
141 http cache node-domexception@https://registry.npmjs.org/node-domexception/-/node-domexception-1.0.0.tgz 0ms (cache hit)
142 http cache formdata-polyfill@https://registry.npmjs.org/formdata-polyfill/-/formdata-polyfill-4.0.10.tgz 0ms (cache hit)
143 http cache web-streams-polyfill@https://registry.npmjs.org/web-streams-polyfill/-/web-streams-polyfill-3.3.3.tgz 0ms (cache hit)
144 http cache fetch-blob@https://registry.npmjs.org/fetch-blob/-/fetch-blob-3.2.0.tgz 1ms (cache hit)
145 http cache data-uri-to-buffer@https://registry.npmjs.org/data-uri-to-buffer/-/data-uri-to-buffer-4.0.1.tgz 0ms (cache hit)
146 http cache buffer-equal-constant-time@https://registry.npmjs.org/buffer-equal-constant-time/-/buffer-equal-constant-time-1.0.1.tgz 0ms (cache hit)
147 http cache jwa@https://registry.npmjs.org/jwa/-/jwa-2.0.1.tgz 0ms (cache hit)
148 http cache bignumber.js@https://registry.npmjs.org/bignumber.js/-/bignumber.js-9.3.1.tgz 0ms (cache hit)
149 http cache ms@https://registry.npmjs.org/ms/-/ms-2.1.3.tgz 0ms (cache hit)
150 http cache debug@https://registry.npmjs.org/debug/-/debug-4.4.3.tgz 0ms (cache hit)
151 http cache agent-base@https://registry.npmjs.org/agent-base/-/agent-base-7.1.4.tgz 0ms (cache hit)
152 http cache json-bigint@https://registry.npmjs.org/json-bigint/-/json-bigint-1.0.0.tgz 0ms (cache hit)
153 http cache node-fetch@https://registry.npmjs.org/node-fetch/-/node-fetch-3.3.2.tgz 0ms (cache hit)
154 http cache https-proxy-agent@https://registry.npmjs.org/https-proxy-agent/-/https-proxy-agent-7.0.6.tgz 0ms (cache hit)
155 http cache extend@https://registry.npmjs.org/extend/-/extend-3.0.2.tgz 0ms (cache hit)
156 http cache jws@https://registry.npmjs.org/jws/-/jws-4.0.1.tgz 0ms (cache hit)
157 http cache safe-buffer@https://registry.npmjs.org/safe-buffer/-/safe-buffer-5.2.1.tgz 0ms (cache hit)
158 http cache google-logging-utils@https://registry.npmjs.org/google-logging-utils/-/google-logging-utils-1.1.3.tgz 0ms (cache hit)
159 http cache gcp-metadata@https://registry.npmjs.org/gcp-metadata/-/gcp-metadata-8.1.2.tgz 0ms (cache hit)
160 http cache gaxios@https://registry.npmjs.org/gaxios/-/gaxios-7.1.5.tgz 0ms (cache hit)
161 http cache ecdsa-sig-formatter@https://registry.npmjs.org/ecdsa-sig-formatter/-/ecdsa-sig-formatter-1.0.11.tgz 0ms (cache hit)
162 http cache google-auth-library@https://registry.npmjs.org/google-auth-library/-/google-auth-library-10.7.0.tgz 0ms (cache hit)
163 http cache base64-js@https://registry.npmjs.org/base64-js/-/base64-js-1.5.1.tgz 0ms (cache hit)
164 warn deprecated node-domexception@1.0.0: Use your platform's native DOMException instead
165 http fetch POST 200 https://registry.npmjs.org/-/npm/v1/security/advisories/bulk 427ms
166 silly audit report {}
167 silly ADD node_modules/web-streams-polyfill
168 silly ADD node_modules/node-domexception
169 silly ADD node_modules/formdata-polyfill
170 silly ADD node_modules/fetch-blob
171 silly ADD node_modules/data-uri-to-buffer
172 silly ADD node_modules/buffer-equal-constant-time
173 silly ADD node_modules/jwa
174 silly ADD node_modules/bignumber.js
175 silly ADD node_modules/ms
176 silly ADD node_modules/debug
177 silly ADD node_modules/agent-base
178 silly ADD node_modules/json-bigint
179 silly ADD node_modules/node-fetch
180 silly ADD node_modules/https-proxy-agent
181 silly ADD node_modules/extend
182 silly ADD node_modules/safe-buffer
183 silly ADD node_modules/jws
184 silly ADD node_modules/google-logging-utils
185 silly ADD node_modules/gcp-metadata
186 silly ADD node_modules/gaxios
187 silly ADD node_modules/ecdsa-sig-formatter
188 silly ADD node_modules/base64-js
189 silly ADD node_modules/google-auth-library
190 silly REMOVE node_modules/googleapis-common
191 silly REMOVE node_modules/googleapis
192 verbose cwd C:\AI Projects\Voyage Wall Website
193 verbose os Windows_NT 10.0.26200
194 verbose node v24.16.0
195 verbose npm  v11.13.0
196 verbose exit 0
197 info ok
